<?xml version="1.0" encoding="UTF-8"?>
<!-- Generated by org.testng.reporters.JUnitXMLReporter -->
<testsuite ignored="0" hostname="MacBook-Pro-de-David.local" failures="0" tests="88" name="Command line test" time="0.113" errors="0" timestamp="2021-09-11T15:27:16 PET">
  <testcase classname="cs.lab1.MainTest" name="testCamion" time="0.028"/>
  <testcase classname="cs.lab1.MainTest" name="testCamion" time="0.026"/>
  <testcase classname="cs.lab1.MainTest" name="testCamion" time="0.025"/>
  <testcase classname="cs.lab1.MainTest" name="testCamion" time="0.028"/>
  <testcase classname="cs.lab1.MainTest" name="testCamion" time="0.027"/>
  <testcase classname="cs.lab1.MainTest" name="testCamion" time="0.027"/>
  <testcase classname="cs.lab1.MainTest" name="testCamion" time="0.026"/>
  <testcase classname="cs.lab1.MainTest" name="testCamion" time="0.027"/>
  <testcase classname="cs.lab1.MainTest" name="testCamion" time="0.028"/>
  <testcase classname="cs.lab1.MainTest" name="testCamion" time="0.025"/>
  <testcase classname="cs.lab1.MainTest" name="testCamion" time="0.028"/>
  <testcase classname="cs.lab1.MainTest" name="testCamion" time="0.026"/>
  <testcase classname="cs.lab1.MainTest" name="testCamion" time="0.027"/>
  <testcase classname="cs.lab1.MainTest" name="testCamion" time="0.028"/>
  <testcase classname="cs.lab1.MainTest" name="testCamion" time="0.028"/>
  <testcase classname="cs.lab1.MainTest" name="testCamion" time="0.028"/>
  <testcase classname="cs.lab1.MainTest" name="testCamion" time="0.025"/>
  <testcase classname="cs.lab1.MainTest" name="testCamion" time="0.026"/>
  <testcase classname="cs.lab1.MainTest" name="testCamion" time="0.027"/>
  <testcase classname="cs.lab1.MainTest" name="testCamion" time="0.026"/>
  <testcase classname="cs.lab1.MainTest" name="testCamion" time="0.026"/>
  <testcase classname="cs.lab1.MainTest" name="testCamion" time="0.026"/>
  <testcase classname="cs.lab1.MainTest" name="testCamion" time="0.026"/>
  <testcase classname="cs.lab1.MainTest" name="testCamion" time="0.026"/>
  <testcase classname="cs.lab1.MainTest" name="testCamion" time="0.027"/>
  <testcase classname="cs.lab1.MainTest" name="testCamion" time="0.026"/>
  <testcase classname="cs.lab1.MainTest" name="testCamion" time="0.028"/>
  <testcase classname="cs.lab1.MainTest" name="testCamion" time="0.026"/>
  <testcase classname="cs.lab1.MainTest" name="testCamion" time="0.028"/>
  <testcase classname="cs.lab1.MainTest" name="testCamion" time="0.028"/>
  <testcase classname="cs.lab1.MainTest" name="testCamion" time="0.026"/>
  <testcase classname="cs.lab1.MainTest" name="testCamion" time="0.028"/>
  <testcase classname="cs.lab1.MainTest" name="testCamion" time="0.028"/>
  <testcase classname="cs.lab1.MainTest" name="testCamion" time="0.029"/>
  <testcase classname="cs.lab1.MainTest" name="testCamion" time="0.028"/>
  <testcase classname="cs.lab1.MainTest" name="testCamion" time="0.026"/>
  <testcase classname="cs.lab1.MainTest" name="testCamion" time="0.025"/>
  <testcase classname="cs.lab1.MainTest" name="testCamion" time="0.028"/>
  <testcase classname="cs.lab1.MainTest" name="testCamion" time="0.026"/>
  <testcase classname="cs.lab1.MainTest" name="testCamion" time="0.028"/>
  <testcase classname="cs.lab1.MainTest" name="testCamion" time="0.026"/>
  <testcase classname="cs.lab1.MainTest" name="testCamion" time="0.029"/>
  <testcase classname="cs.lab1.MainTest" name="testCamion" time="0.028"/>
  <testcase classname="cs.lab1.MainTest" name="testCamion" time="0.029"/>
  <testcase classname="cs.lab1.MainTest" name="testCamion" time="0.028"/>
  <testcase classname="cs.lab1.MainTest" name="testCamion" time="0.025"/>
  <testcase classname="cs.lab1.MainTest" name="testCamion" time="0.027"/>
  <testcase classname="cs.lab1.MainTest" name="testCamion" time="0.028"/>
  <testcase classname="cs.lab1.MainTest" name="testCamion" time="0.028"/>
  <testcase classname="cs.lab1.MainTest" name="testCamion" time="0.025"/>
  <testcase classname="cs.lab1.MainTest" name="testCamion" time="0.027"/>
  <testcase classname="cs.lab1.MainTest" name="testCamion" time="0.026"/>
  <testcase classname="cs.lab1.MainTest" name="testCamion" time="0.026"/>
  <testcase classname="cs.lab1.MainTest" name="testCamion" time="0.028"/>
  <testcase classname="cs.lab1.MainTest" name="testCamion" time="0.028"/>
  <testcase classname="cs.lab1.MainTest" name="testCamion" time="0.026"/>
  <testcase classname="cs.lab1.MainTest" name="testCamion" time="0.025"/>
  <testcase classname="cs.lab1.MainTest" name="testCamion" time="0.027"/>
  <testcase classname="cs.lab1.MainTest" name="testCamion" time="0.028"/>
  <testcase classname="cs.lab1.MainTest" name="testCamion" time="0.026"/>
  <testcase classname="cs.lab1.MainTest" name="testCamion" time="0.028"/>
  <testcase classname="cs.lab1.MainTest" name="testCamion" time="0.025"/>
  <testcase classname="cs.lab1.MainTest" name="testCamion" time="0.026"/>
  <testcase classname="cs.lab1.MainTest" name="testCamion" time="0.025"/>
  <testcase classname="cs.lab1.MainTest" name="testCamion" time="0.025"/>
  <testcase classname="cs.lab1.MainTest" name="testCamion" time="0.025"/>
  <testcase classname="cs.lab1.MainTest" name="testCamion" time="0.025"/>
  <testcase classname="cs.lab1.MainTest" name="testCamion" time="0.026"/>
  <testcase classname="cs.lab1.MainTest" name="testCamion" time="0.026"/>
  <testcase classname="cs.lab1.MainTest" name="testCamion" time="0.028"/>
  <testcase classname="cs.lab1.MainTest" name="testCamion" time="0.026"/>
  <testcase classname="cs.lab1.MainTest" name="testCamion" time="0.026"/>
  <testcase classname="cs.lab1.MainTest" name="testCamion" time="0.026"/>
  <testcase classname="cs.lab1.MainTest" name="testCamion" time="0.025"/>
  <testcase classname="cs.lab1.MainTest" name="testCamion" time="0.026"/>
  <testcase classname="cs.lab1.MainTest" name="testCamion" time="0.026"/>
  <testcase classname="cs.lab1.MainTest" name="testCamion" time="0.026"/>
  <testcase classname="cs.lab1.MainTest" name="testCamion" time="0.028"/>
  <testcase classname="cs.lab1.MainTest" name="testCamion" time="0.028"/>
  <testcase classname="cs.lab1.MainTest" name="testCamion" time="0.026"/>
  <testcase classname="cs.lab1.MainTest" name="test_A01" time="0.001"/>
  <testcase classname="cs.lab1.MainTest" name="test_A02" time="0.0"/>
  <testcase classname="cs.lab1.MainTest" name="test_A03" time="0.001"/>
  <testcase classname="cs.lab1.MainTest" name="test_A04" time="0.0"/>
  <testcase classname="cs.lab1.MainTest" name="test_C01" time="0.0"/>
  <testcase classname="cs.lab1.MainTest" name="test_C02" time="0.001"/>
  <testcase classname="cs.lab1.MainTest" name="test_C03" time="0.0"/>
  <testcase classname="cs.lab1.MainTest" name="test_C04" time="0.001"/>
</testsuite> <!-- Command line test -->
