<?xml version="1.0" encoding="UTF-8"?>
<testng-results ignored="0" total="88" passed="88" failed="0" skipped="0">
  <reporter-output>
  </reporter-output>
  <suite started-at="2021-09-11T15:27:16 PET" name="cs.lab1.MainTest" finished-at="2021-09-11T15:27:16 PET" duration-ms="113">
    <groups>
    </groups>
    <test started-at="2021-09-11T15:27:16 PET" name="Command line test" finished-at="2021-09-11T15:27:16 PET" duration-ms="113">
      <class name="cs.lab1.MainTest">
        <test-method signature="testCamion()[pri:0, instance:cs.lab1.MainTest@5e3f861]" started-at="2021-09-11T15:27:16 PET" name="testCamion" finished-at="2021-09-11T15:27:16 PET" duration-ms="29" status="PASS">
          <reporter-output>
          </reporter-output>
        </test-method> <!-- testCamion -->
        <test-method signature="testCamion()[pri:0, instance:cs.lab1.MainTest@5e3f861]" started-at="2021-09-11T15:27:16 PET" name="testCamion" finished-at="2021-09-11T15:27:16 PET" duration-ms="28" status="PASS">
          <reporter-output>
          </reporter-output>
        </test-method> <!-- testCamion -->
        <test-method signature="testCamion()[pri:0, instance:cs.lab1.MainTest@5e3f861]" started-at="2021-09-11T15:27:16 PET" name="testCamion" finished-at="2021-09-11T15:27:16 PET" duration-ms="28" status="PASS">
          <reporter-output>
          </reporter-output>
        </test-method> <!-- testCamion -->
        <test-method signature="testCamion()[pri:0, instance:cs.lab1.MainTest@5e3f861]" started-at="2021-09-11T15:27:16 PET" name="testCamion" finished-at="2021-09-11T15:27:16 PET" duration-ms="28" status="PASS">
          <reporter-output>
          </reporter-output>
        </test-method> <!-- testCamion -->
        <test-method signature="testCamion()[pri:0, instance:cs.lab1.MainTest@5e3f861]" started-at="2021-09-11T15:27:16 PET" name="testCamion" finished-at="2021-09-11T15:27:16 PET" duration-ms="28" status="PASS">
          <reporter-output>
          </reporter-output>
        </test-method> <!-- testCamion -->
        <test-method signature="testCamion()[pri:0, instance:cs.lab1.MainTest@5e3f861]" started-at="2021-09-11T15:27:16 PET" name="testCamion" finished-at="2021-09-11T15:27:16 PET" duration-ms="28" status="PASS">
          <reporter-output>
          </reporter-output>
        </test-method> <!-- testCamion -->
        <test-method signature="testCamion()[pri:0, instance:cs.lab1.MainTest@5e3f861]" started-at="2021-09-11T15:27:16 PET" name="testCamion" finished-at="2021-09-11T15:27:16 PET" duration-ms="28" status="PASS">
          <reporter-output>
          </reporter-output>
        </test-method> <!-- testCamion -->
        <test-method signature="testCamion()[pri:0, instance:cs.lab1.MainTest@5e3f861]" started-at="2021-09-11T15:27:16 PET" name="testCamion" finished-at="2021-09-11T15:27:16 PET" duration-ms="28" status="PASS">
          <reporter-output>
          </reporter-output>
        </test-method> <!-- testCamion -->
        <test-method signature="testCamion()[pri:0, instance:cs.lab1.MainTest@5e3f861]" started-at="2021-09-11T15:27:16 PET" name="testCamion" finished-at="2021-09-11T15:27:16 PET" duration-ms="28" status="PASS">
          <reporter-output>
          </reporter-output>
        </test-method> <!-- testCamion -->
        <test-method signature="testCamion()[pri:0, instance:cs.lab1.MainTest@5e3f861]" started-at="2021-09-11T15:27:16 PET" name="testCamion" finished-at="2021-09-11T15:27:16 PET" duration-ms="28" status="PASS">
          <reporter-output>
          </reporter-output>
        </test-method> <!-- testCamion -->
        <test-method signature="testCamion()[pri:0, instance:cs.lab1.MainTest@5e3f861]" started-at="2021-09-11T15:27:16 PET" name="testCamion" finished-at="2021-09-11T15:27:16 PET" duration-ms="28" status="PASS">
          <reporter-output>
          </reporter-output>
        </test-method> <!-- testCamion -->
        <test-method signature="testCamion()[pri:0, instance:cs.lab1.MainTest@5e3f861]" started-at="2021-09-11T15:27:16 PET" name="testCamion" finished-at="2021-09-11T15:27:16 PET" duration-ms="28" status="PASS">
          <reporter-output>
          </reporter-output>
        </test-method> <!-- testCamion -->
        <test-method signature="testCamion()[pri:0, instance:cs.lab1.MainTest@5e3f861]" started-at="2021-09-11T15:27:16 PET" name="testCamion" finished-at="2021-09-11T15:27:16 PET" duration-ms="29" status="PASS">
          <reporter-output>
          </reporter-output>
        </test-method> <!-- testCamion -->
        <test-method signature="testCamion()[pri:0, instance:cs.lab1.MainTest@5e3f861]" started-at="2021-09-11T15:27:16 PET" name="testCamion" finished-at="2021-09-11T15:27:16 PET" duration-ms="28" status="PASS">
          <reporter-output>
          </reporter-output>
        </test-method> <!-- testCamion -->
        <test-method signature="testCamion()[pri:0, instance:cs.lab1.MainTest@5e3f861]" started-at="2021-09-11T15:27:16 PET" name="testCamion" finished-at="2021-09-11T15:27:16 PET" duration-ms="28" status="PASS">
          <reporter-output>
          </reporter-output>
        </test-method> <!-- testCamion -->
        <test-method signature="testCamion()[pri:0, instance:cs.lab1.MainTest@5e3f861]" started-at="2021-09-11T15:27:16 PET" name="testCamion" finished-at="2021-09-11T15:27:16 PET" duration-ms="28" status="PASS">
          <reporter-output>
          </reporter-output>
        </test-method> <!-- testCamion -->
        <test-method signature="testCamion()[pri:0, instance:cs.lab1.MainTest@5e3f861]" started-at="2021-09-11T15:27:16 PET" name="testCamion" finished-at="2021-09-11T15:27:16 PET" duration-ms="28" status="PASS">
          <reporter-output>
          </reporter-output>
        </test-method> <!-- testCamion -->
        <test-method signature="testCamion()[pri:0, instance:cs.lab1.MainTest@5e3f861]" started-at="2021-09-11T15:27:16 PET" name="testCamion" finished-at="2021-09-11T15:27:16 PET" duration-ms="28" status="PASS">
          <reporter-output>
          </reporter-output>
        </test-method> <!-- testCamion -->
        <test-method signature="testCamion()[pri:0, instance:cs.lab1.MainTest@5e3f861]" started-at="2021-09-11T15:27:16 PET" name="testCamion" finished-at="2021-09-11T15:27:16 PET" duration-ms="29" status="PASS">
          <reporter-output>
          </reporter-output>
        </test-method> <!-- testCamion -->
        <test-method signature="testCamion()[pri:0, instance:cs.lab1.MainTest@5e3f861]" started-at="2021-09-11T15:27:16 PET" name="testCamion" finished-at="2021-09-11T15:27:16 PET" duration-ms="28" status="PASS">
          <reporter-output>
          </reporter-output>
        </test-method> <!-- testCamion -->
        <test-method signature="testCamion()[pri:0, instance:cs.lab1.MainTest@5e3f861]" started-at="2021-09-11T15:27:16 PET" name="testCamion" finished-at="2021-09-11T15:27:16 PET" duration-ms="28" status="PASS">
          <reporter-output>
          </reporter-output>
        </test-method> <!-- testCamion -->
        <test-method signature="testCamion()[pri:0, instance:cs.lab1.MainTest@5e3f861]" started-at="2021-09-11T15:27:16 PET" name="testCamion" finished-at="2021-09-11T15:27:16 PET" duration-ms="28" status="PASS">
          <reporter-output>
          </reporter-output>
        </test-method> <!-- testCamion -->
        <test-method signature="testCamion()[pri:0, instance:cs.lab1.MainTest@5e3f861]" started-at="2021-09-11T15:27:16 PET" name="testCamion" finished-at="2021-09-11T15:27:16 PET" duration-ms="28" status="PASS">
          <reporter-output>
          </reporter-output>
        </test-method> <!-- testCamion -->
        <test-method signature="testCamion()[pri:0, instance:cs.lab1.MainTest@5e3f861]" started-at="2021-09-11T15:27:16 PET" name="testCamion" finished-at="2021-09-11T15:27:16 PET" duration-ms="27" status="PASS">
          <reporter-output>
          </reporter-output>
        </test-method> <!-- testCamion -->
        <test-method signature="testCamion()[pri:0, instance:cs.lab1.MainTest@5e3f861]" started-at="2021-09-11T15:27:16 PET" name="testCamion" finished-at="2021-09-11T15:27:16 PET" duration-ms="27" status="PASS">
          <reporter-output>
          </reporter-output>
        </test-method> <!-- testCamion -->
        <test-method signature="testCamion()[pri:0, instance:cs.lab1.MainTest@5e3f861]" started-at="2021-09-11T15:27:16 PET" name="testCamion" finished-at="2021-09-11T15:27:16 PET" duration-ms="28" status="PASS">
          <reporter-output>
          </reporter-output>
        </test-method> <!-- testCamion -->
        <test-method signature="testCamion()[pri:0, instance:cs.lab1.MainTest@5e3f861]" started-at="2021-09-11T15:27:16 PET" name="testCamion" finished-at="2021-09-11T15:27:16 PET" duration-ms="27" status="PASS">
          <reporter-output>
          </reporter-output>
        </test-method> <!-- testCamion -->
        <test-method signature="testCamion()[pri:0, instance:cs.lab1.MainTest@5e3f861]" started-at="2021-09-11T15:27:16 PET" name="testCamion" finished-at="2021-09-11T15:27:16 PET" duration-ms="28" status="PASS">
          <reporter-output>
          </reporter-output>
        </test-method> <!-- testCamion -->
        <test-method signature="testCamion()[pri:0, instance:cs.lab1.MainTest@5e3f861]" started-at="2021-09-11T15:27:16 PET" name="testCamion" finished-at="2021-09-11T15:27:16 PET" duration-ms="28" status="PASS">
          <reporter-output>
          </reporter-output>
        </test-method> <!-- testCamion -->
        <test-method signature="testCamion()[pri:0, instance:cs.lab1.MainTest@5e3f861]" started-at="2021-09-11T15:27:16 PET" name="testCamion" finished-at="2021-09-11T15:27:16 PET" duration-ms="28" status="PASS">
          <reporter-output>
          </reporter-output>
        </test-method> <!-- testCamion -->
        <test-method signature="testCamion()[pri:0, instance:cs.lab1.MainTest@5e3f861]" started-at="2021-09-11T15:27:16 PET" name="testCamion" finished-at="2021-09-11T15:27:16 PET" duration-ms="28" status="PASS">
          <reporter-output>
          </reporter-output>
        </test-method> <!-- testCamion -->
        <test-method signature="testCamion()[pri:0, instance:cs.lab1.MainTest@5e3f861]" started-at="2021-09-11T15:27:16 PET" name="testCamion" finished-at="2021-09-11T15:27:16 PET" duration-ms="27" status="PASS">
          <reporter-output>
          </reporter-output>
        </test-method> <!-- testCamion -->
        <test-method signature="testCamion()[pri:0, instance:cs.lab1.MainTest@5e3f861]" started-at="2021-09-11T15:27:16 PET" name="testCamion" finished-at="2021-09-11T15:27:16 PET" duration-ms="28" status="PASS">
          <reporter-output>
          </reporter-output>
        </test-method> <!-- testCamion -->
        <test-method signature="testCamion()[pri:0, instance:cs.lab1.MainTest@5e3f861]" started-at="2021-09-11T15:27:16 PET" name="testCamion" finished-at="2021-09-11T15:27:16 PET" duration-ms="27" status="PASS">
          <reporter-output>
          </reporter-output>
        </test-method> <!-- testCamion -->
        <test-method signature="testCamion()[pri:0, instance:cs.lab1.MainTest@5e3f861]" started-at="2021-09-11T15:27:16 PET" name="testCamion" finished-at="2021-09-11T15:27:16 PET" duration-ms="27" status="PASS">
          <reporter-output>
          </reporter-output>
        </test-method> <!-- testCamion -->
        <test-method signature="testCamion()[pri:0, instance:cs.lab1.MainTest@5e3f861]" started-at="2021-09-11T15:27:16 PET" name="testCamion" finished-at="2021-09-11T15:27:16 PET" duration-ms="26" status="PASS">
          <reporter-output>
          </reporter-output>
        </test-method> <!-- testCamion -->
        <test-method signature="testCamion()[pri:0, instance:cs.lab1.MainTest@5e3f861]" started-at="2021-09-11T15:27:16 PET" name="testCamion" finished-at="2021-09-11T15:27:16 PET" duration-ms="26" status="PASS">
          <reporter-output>
          </reporter-output>
        </test-method> <!-- testCamion -->
        <test-method signature="testCamion()[pri:0, instance:cs.lab1.MainTest@5e3f861]" started-at="2021-09-11T15:27:16 PET" name="testCamion" finished-at="2021-09-11T15:27:16 PET" duration-ms="26" status="PASS">
          <reporter-output>
          </reporter-output>
        </test-method> <!-- testCamion -->
        <test-method signature="testCamion()[pri:0, instance:cs.lab1.MainTest@5e3f861]" started-at="2021-09-11T15:27:16 PET" name="testCamion" finished-at="2021-09-11T15:27:16 PET" duration-ms="26" status="PASS">
          <reporter-output>
          </reporter-output>
        </test-method> <!-- testCamion -->
        <test-method signature="testCamion()[pri:0, instance:cs.lab1.MainTest@5e3f861]" started-at="2021-09-11T15:27:16 PET" name="testCamion" finished-at="2021-09-11T15:27:16 PET" duration-ms="26" status="PASS">
          <reporter-output>
          </reporter-output>
        </test-method> <!-- testCamion -->
        <test-method signature="testCamion()[pri:0, instance:cs.lab1.MainTest@5e3f861]" started-at="2021-09-11T15:27:16 PET" name="testCamion" finished-at="2021-09-11T15:27:16 PET" duration-ms="26" status="PASS">
          <reporter-output>
          </reporter-output>
        </test-method> <!-- testCamion -->
        <test-method signature="testCamion()[pri:0, instance:cs.lab1.MainTest@5e3f861]" started-at="2021-09-11T15:27:16 PET" name="testCamion" finished-at="2021-09-11T15:27:16 PET" duration-ms="26" status="PASS">
          <reporter-output>
          </reporter-output>
        </test-method> <!-- testCamion -->
        <test-method signature="testCamion()[pri:0, instance:cs.lab1.MainTest@5e3f861]" started-at="2021-09-11T15:27:16 PET" name="testCamion" finished-at="2021-09-11T15:27:16 PET" duration-ms="26" status="PASS">
          <reporter-output>
          </reporter-output>
        </test-method> <!-- testCamion -->
        <test-method signature="testCamion()[pri:0, instance:cs.lab1.MainTest@5e3f861]" started-at="2021-09-11T15:27:16 PET" name="testCamion" finished-at="2021-09-11T15:27:16 PET" duration-ms="26" status="PASS">
          <reporter-output>
          </reporter-output>
        </test-method> <!-- testCamion -->
        <test-method signature="testCamion()[pri:0, instance:cs.lab1.MainTest@5e3f861]" started-at="2021-09-11T15:27:16 PET" name="testCamion" finished-at="2021-09-11T15:27:16 PET" duration-ms="27" status="PASS">
          <reporter-output>
          </reporter-output>
        </test-method> <!-- testCamion -->
        <test-method signature="testCamion()[pri:0, instance:cs.lab1.MainTest@5e3f861]" started-at="2021-09-11T15:27:16 PET" name="testCamion" finished-at="2021-09-11T15:27:16 PET" duration-ms="26" status="PASS">
          <reporter-output>
          </reporter-output>
        </test-method> <!-- testCamion -->
        <test-method signature="testCamion()[pri:0, instance:cs.lab1.MainTest@5e3f861]" started-at="2021-09-11T15:27:16 PET" name="testCamion" finished-at="2021-09-11T15:27:16 PET" duration-ms="26" status="PASS">
          <reporter-output>
          </reporter-output>
        </test-method> <!-- testCamion -->
        <test-method signature="testCamion()[pri:0, instance:cs.lab1.MainTest@5e3f861]" started-at="2021-09-11T15:27:16 PET" name="testCamion" finished-at="2021-09-11T15:27:16 PET" duration-ms="26" status="PASS">
          <reporter-output>
          </reporter-output>
        </test-method> <!-- testCamion -->
        <test-method signature="testCamion()[pri:0, instance:cs.lab1.MainTest@5e3f861]" started-at="2021-09-11T15:27:16 PET" name="testCamion" finished-at="2021-09-11T15:27:16 PET" duration-ms="26" status="PASS">
          <reporter-output>
          </reporter-output>
        </test-method> <!-- testCamion -->
        <test-method signature="testCamion()[pri:0, instance:cs.lab1.MainTest@5e3f861]" started-at="2021-09-11T15:27:16 PET" name="testCamion" finished-at="2021-09-11T15:27:16 PET" duration-ms="26" status="PASS">
          <reporter-output>
          </reporter-output>
        </test-method> <!-- testCamion -->
        <test-method signature="testCamion()[pri:0, instance:cs.lab1.MainTest@5e3f861]" started-at="2021-09-11T15:27:16 PET" name="testCamion" finished-at="2021-09-11T15:27:16 PET" duration-ms="26" status="PASS">
          <reporter-output>
          </reporter-output>
        </test-method> <!-- testCamion -->
        <test-method signature="testCamion()[pri:0, instance:cs.lab1.MainTest@5e3f861]" started-at="2021-09-11T15:27:16 PET" name="testCamion" finished-at="2021-09-11T15:27:16 PET" duration-ms="26" status="PASS">
          <reporter-output>
          </reporter-output>
        </test-method> <!-- testCamion -->
        <test-method signature="testCamion()[pri:0, instance:cs.lab1.MainTest@5e3f861]" started-at="2021-09-11T15:27:16 PET" name="testCamion" finished-at="2021-09-11T15:27:16 PET" duration-ms="27" status="PASS">
          <reporter-output>
          </reporter-output>
        </test-method> <!-- testCamion -->
        <test-method signature="testCamion()[pri:0, instance:cs.lab1.MainTest@5e3f861]" started-at="2021-09-11T15:27:16 PET" name="testCamion" finished-at="2021-09-11T15:27:16 PET" duration-ms="26" status="PASS">
          <reporter-output>
          </reporter-output>
        </test-method> <!-- testCamion -->
        <test-method signature="testCamion()[pri:0, instance:cs.lab1.MainTest@5e3f861]" started-at="2021-09-11T15:27:16 PET" name="testCamion" finished-at="2021-09-11T15:27:16 PET" duration-ms="27" status="PASS">
          <reporter-output>
          </reporter-output>
        </test-method> <!-- testCamion -->
        <test-method signature="testCamion()[pri:0, instance:cs.lab1.MainTest@5e3f861]" started-at="2021-09-11T15:27:16 PET" name="testCamion" finished-at="2021-09-11T15:27:16 PET" duration-ms="26" status="PASS">
          <reporter-output>
          </reporter-output>
        </test-method> <!-- testCamion -->
        <test-method signature="testCamion()[pri:0, instance:cs.lab1.MainTest@5e3f861]" started-at="2021-09-11T15:27:16 PET" name="testCamion" finished-at="2021-09-11T15:27:16 PET" duration-ms="26" status="PASS">
          <reporter-output>
          </reporter-output>
        </test-method> <!-- testCamion -->
        <test-method signature="testCamion()[pri:0, instance:cs.lab1.MainTest@5e3f861]" started-at="2021-09-11T15:27:16 PET" name="testCamion" finished-at="2021-09-11T15:27:16 PET" duration-ms="26" status="PASS">
          <reporter-output>
          </reporter-output>
        </test-method> <!-- testCamion -->
        <test-method signature="testCamion()[pri:0, instance:cs.lab1.MainTest@5e3f861]" started-at="2021-09-11T15:27:16 PET" name="testCamion" finished-at="2021-09-11T15:27:16 PET" duration-ms="26" status="PASS">
          <reporter-output>
          </reporter-output>
        </test-method> <!-- testCamion -->
        <test-method signature="testCamion()[pri:0, instance:cs.lab1.MainTest@5e3f861]" started-at="2021-09-11T15:27:16 PET" name="testCamion" finished-at="2021-09-11T15:27:16 PET" duration-ms="26" status="PASS">
          <reporter-output>
          </reporter-output>
        </test-method> <!-- testCamion -->
        <test-method signature="testCamion()[pri:0, instance:cs.lab1.MainTest@5e3f861]" started-at="2021-09-11T15:27:16 PET" name="testCamion" finished-at="2021-09-11T15:27:16 PET" duration-ms="26" status="PASS">
          <reporter-output>
          </reporter-output>
        </test-method> <!-- testCamion -->
        <test-method signature="testCamion()[pri:0, instance:cs.lab1.MainTest@5e3f861]" started-at="2021-09-11T15:27:16 PET" name="testCamion" finished-at="2021-09-11T15:27:16 PET" duration-ms="26" status="PASS">
          <reporter-output>
          </reporter-output>
        </test-method> <!-- testCamion -->
        <test-method signature="testCamion()[pri:0, instance:cs.lab1.MainTest@5e3f861]" started-at="2021-09-11T15:27:16 PET" name="testCamion" finished-at="2021-09-11T15:27:16 PET" duration-ms="26" status="PASS">
          <reporter-output>
          </reporter-output>
        </test-method> <!-- testCamion -->
        <test-method signature="testCamion()[pri:0, instance:cs.lab1.MainTest@5e3f861]" started-at="2021-09-11T15:27:16 PET" name="testCamion" finished-at="2021-09-11T15:27:16 PET" duration-ms="26" status="PASS">
          <reporter-output>
          </reporter-output>
        </test-method> <!-- testCamion -->
        <test-method signature="testCamion()[pri:0, instance:cs.lab1.MainTest@5e3f861]" started-at="2021-09-11T15:27:16 PET" name="testCamion" finished-at="2021-09-11T15:27:16 PET" duration-ms="26" status="PASS">
          <reporter-output>
          </reporter-output>
        </test-method> <!-- testCamion -->
        <test-method signature="testCamion()[pri:0, instance:cs.lab1.MainTest@5e3f861]" started-at="2021-09-11T15:27:16 PET" name="testCamion" finished-at="2021-09-11T15:27:16 PET" duration-ms="25" status="PASS">
          <reporter-output>
          </reporter-output>
        </test-method> <!-- testCamion -->
        <test-method signature="testCamion()[pri:0, instance:cs.lab1.MainTest@5e3f861]" started-at="2021-09-11T15:27:16 PET" name="testCamion" finished-at="2021-09-11T15:27:16 PET" duration-ms="25" status="PASS">
          <reporter-output>
          </reporter-output>
        </test-method> <!-- testCamion -->
        <test-method signature="testCamion()[pri:0, instance:cs.lab1.MainTest@5e3f861]" started-at="2021-09-11T15:27:16 PET" name="testCamion" finished-at="2021-09-11T15:27:16 PET" duration-ms="25" status="PASS">
          <reporter-output>
          </reporter-output>
        </test-method> <!-- testCamion -->
        <test-method signature="testCamion()[pri:0, instance:cs.lab1.MainTest@5e3f861]" started-at="2021-09-11T15:27:16 PET" name="testCamion" finished-at="2021-09-11T15:27:16 PET" duration-ms="26" status="PASS">
          <reporter-output>
          </reporter-output>
        </test-method> <!-- testCamion -->
        <test-method signature="testCamion()[pri:0, instance:cs.lab1.MainTest@5e3f861]" started-at="2021-09-11T15:27:16 PET" name="testCamion" finished-at="2021-09-11T15:27:16 PET" duration-ms="25" status="PASS">
          <reporter-output>
          </reporter-output>
        </test-method> <!-- testCamion -->
        <test-method signature="testCamion()[pri:0, instance:cs.lab1.MainTest@5e3f861]" started-at="2021-09-11T15:27:16 PET" name="testCamion" finished-at="2021-09-11T15:27:16 PET" duration-ms="25" status="PASS">
          <reporter-output>
          </reporter-output>
        </test-method> <!-- testCamion -->
        <test-method signature="testCamion()[pri:0, instance:cs.lab1.MainTest@5e3f861]" started-at="2021-09-11T15:27:16 PET" name="testCamion" finished-at="2021-09-11T15:27:16 PET" duration-ms="25" status="PASS">
          <reporter-output>
          </reporter-output>
        </test-method> <!-- testCamion -->
        <test-method signature="testCamion()[pri:0, instance:cs.lab1.MainTest@5e3f861]" started-at="2021-09-11T15:27:16 PET" name="testCamion" finished-at="2021-09-11T15:27:16 PET" duration-ms="25" status="PASS">
          <reporter-output>
          </reporter-output>
        </test-method> <!-- testCamion -->
        <test-method signature="testCamion()[pri:0, instance:cs.lab1.MainTest@5e3f861]" started-at="2021-09-11T15:27:16 PET" name="testCamion" finished-at="2021-09-11T15:27:16 PET" duration-ms="25" status="PASS">
          <reporter-output>
          </reporter-output>
        </test-method> <!-- testCamion -->
        <test-method signature="testCamion()[pri:0, instance:cs.lab1.MainTest@5e3f861]" started-at="2021-09-11T15:27:16 PET" name="testCamion" finished-at="2021-09-11T15:27:16 PET" duration-ms="25" status="PASS">
          <reporter-output>
          </reporter-output>
        </test-method> <!-- testCamion -->
        <test-method signature="testCamion()[pri:0, instance:cs.lab1.MainTest@5e3f861]" started-at="2021-09-11T15:27:16 PET" name="testCamion" finished-at="2021-09-11T15:27:16 PET" duration-ms="25" status="PASS">
          <reporter-output>
          </reporter-output>
        </test-method> <!-- testCamion -->
        <test-method signature="testCamion()[pri:0, instance:cs.lab1.MainTest@5e3f861]" started-at="2021-09-11T15:27:16 PET" name="testCamion" finished-at="2021-09-11T15:27:16 PET" duration-ms="25" status="PASS">
          <reporter-output>
          </reporter-output>
        </test-method> <!-- testCamion -->
        <test-method signature="testCamion()[pri:0, instance:cs.lab1.MainTest@5e3f861]" started-at="2021-09-11T15:27:16 PET" name="testCamion" finished-at="2021-09-11T15:27:16 PET" duration-ms="26" status="PASS">
          <reporter-output>
          </reporter-output>
        </test-method> <!-- testCamion -->
        <test-method signature="testCamion()[pri:0, instance:cs.lab1.MainTest@5e3f861]" started-at="2021-09-11T15:27:16 PET" name="testCamion" finished-at="2021-09-11T15:27:16 PET" duration-ms="25" status="PASS">
          <reporter-output>
          </reporter-output>
        </test-method> <!-- testCamion -->
        <test-method signature="testCamion()[pri:0, instance:cs.lab1.MainTest@5e3f861]" started-at="2021-09-11T15:27:16 PET" name="testCamion" finished-at="2021-09-11T15:27:16 PET" duration-ms="25" status="PASS">
          <reporter-output>
          </reporter-output>
        </test-method> <!-- testCamion -->
        <test-method signature="test_A01()[pri:0, instance:cs.lab1.MainTest@5e3f861]" started-at="2021-09-11T15:27:16 PET" name="test_A01" finished-at="2021-09-11T15:27:16 PET" duration-ms="1" status="PASS">
          <reporter-output>
          </reporter-output>
        </test-method> <!-- test_A01 -->
        <test-method signature="test_A02()[pri:0, instance:cs.lab1.MainTest@5e3f861]" started-at="2021-09-11T15:27:16 PET" name="test_A02" finished-at="2021-09-11T15:27:16 PET" duration-ms="0" status="PASS">
          <reporter-output>
          </reporter-output>
        </test-method> <!-- test_A02 -->
        <test-method signature="test_A03()[pri:0, instance:cs.lab1.MainTest@5e3f861]" started-at="2021-09-11T15:27:16 PET" name="test_A03" finished-at="2021-09-11T15:27:16 PET" duration-ms="1" status="PASS">
          <reporter-output>
          </reporter-output>
        </test-method> <!-- test_A03 -->
        <test-method signature="test_A04()[pri:0, instance:cs.lab1.MainTest@5e3f861]" started-at="2021-09-11T15:27:16 PET" name="test_A04" finished-at="2021-09-11T15:27:16 PET" duration-ms="0" status="PASS">
          <reporter-output>
          </reporter-output>
        </test-method> <!-- test_A04 -->
        <test-method signature="test_C02()[pri:0, instance:cs.lab1.MainTest@5e3f861]" started-at="2021-09-11T15:27:16 PET" name="test_C02" finished-at="2021-09-11T15:27:16 PET" duration-ms="1" status="PASS">
          <reporter-output>
          </reporter-output>
        </test-method> <!-- test_C02 -->
        <test-method signature="test_C01()[pri:0, instance:cs.lab1.MainTest@5e3f861]" started-at="2021-09-11T15:27:16 PET" name="test_C01" finished-at="2021-09-11T15:27:16 PET" duration-ms="0" status="PASS">
          <reporter-output>
          </reporter-output>
        </test-method> <!-- test_C01 -->
        <test-method signature="test_C04()[pri:0, instance:cs.lab1.MainTest@5e3f861]" started-at="2021-09-11T15:27:16 PET" name="test_C04" finished-at="2021-09-11T15:27:16 PET" duration-ms="1" status="PASS">
          <reporter-output>
          </reporter-output>
        </test-method> <!-- test_C04 -->
        <test-method signature="test_C03()[pri:0, instance:cs.lab1.MainTest@5e3f861]" started-at="2021-09-11T15:27:16 PET" name="test_C03" finished-at="2021-09-11T15:27:16 PET" duration-ms="0" status="PASS">
          <reporter-output>
          </reporter-output>
        </test-method> <!-- test_C03 -->
      </class> <!-- cs.lab1.MainTest -->
    </test> <!-- Command line test -->
  </suite> <!-- cs.lab1.MainTest -->
</testng-results>
