<?xml version="1.0" encoding="UTF-8" ?>
<testsuite tests="88" failures="0" name="cs.lab1.MainTest" time="1.931" errors="0" skipped="0">
  <properties>
[...]
</properties>
  <testcase classname="cs.lab1.MainTest" name="testCamion" time="0.022"/>
  <testcase classname="cs.lab1.MainTest" name="testCamion" time="0.022"/>
  <testcase classname="cs.lab1.MainTest" name="testCamion" time="0.022"/>
  <testcase classname="cs.lab1.MainTest" name="testCamion" time="0.022"/>
  <testcase classname="cs.lab1.MainTest" name="testCamion" time="0.022"/>
  <testcase classname="cs.lab1.MainTest" name="testCamion" time="0.022"/>
  <testcase classname="cs.lab1.MainTest" name="testCamion" time="0.022"/>
  <testcase classname="cs.lab1.MainTest" name="testCamion" time="0.022"/>
  <testcase classname="cs.lab1.MainTest" name="testCamion" time="0.022"/>
  <testcase classname="cs.lab1.MainTest" name="testCamion" time="0.023"/>
  <testcase classname="cs.lab1.MainTest" name="testCamion" time="0.023"/>
  <testcase classname="cs.lab1.MainTest" name="testCamion" time="0.023"/>
  <testcase classname="cs.lab1.MainTest" name="testCamion" time="0.023"/>
  <testcase classname="cs.lab1.MainTest" name="testCamion" time="0.023"/>
  <testcase classname="cs.lab1.MainTest" name="testCamion" time="0.023"/>
  <testcase classname="cs.lab1.MainTest" name="testCamion" time="0.023"/>
  <testcase classname="cs.lab1.MainTest" name="testCamion" time="0.023"/>
  <testcase classname="cs.lab1.MainTest" name="testCamion" time="0.023"/>
  <testcase classname="cs.lab1.MainTest" name="testCamion" time="0.023"/>
  <testcase classname="cs.lab1.MainTest" name="testCamion" time="0.023"/>
  <testcase classname="cs.lab1.MainTest" name="testCamion" time="0.023"/>
  <testcase classname="cs.lab1.MainTest" name="testCamion" time="0.023"/>
  <testcase classname="cs.lab1.MainTest" name="testCamion" time="0.023"/>
  <testcase classname="cs.lab1.MainTest" name="testCamion" time="0.023"/>
  <testcase classname="cs.lab1.MainTest" name="testCamion" time="0.023"/>
  <testcase classname="cs.lab1.MainTest" name="testCamion" time="0.023"/>
  <testcase classname="cs.lab1.MainTest" name="testCamion" time="0.023"/>
  <testcase classname="cs.lab1.MainTest" name="testCamion" time="0.023"/>
  <testcase classname="cs.lab1.MainTest" name="testCamion" time="0.023"/>
  <testcase classname="cs.lab1.MainTest" name="testCamion" time="0.024"/>
  <testcase classname="cs.lab1.MainTest" name="testCamion" time="0.024"/>
  <testcase classname="cs.lab1.MainTest" name="testCamion" time="0.024"/>
  <testcase classname="cs.lab1.MainTest" name="testCamion" time="0.024"/>
  <testcase classname="cs.lab1.MainTest" name="testCamion" time="0.024"/>
  <testcase classname="cs.lab1.MainTest" name="testCamion" time="0.024"/>
  <testcase classname="cs.lab1.MainTest" name="testCamion" time="0.024"/>
  <testcase classname="cs.lab1.MainTest" name="testCamion" time="0.024"/>
  <testcase classname="cs.lab1.MainTest" name="testCamion" time="0.024"/>
  <testcase classname="cs.lab1.MainTest" name="testCamion" time="0.024"/>
  <testcase classname="cs.lab1.MainTest" name="testCamion" time="0.024"/>
  <testcase classname="cs.lab1.MainTest" name="testCamion" time="0.024"/>
  <testcase classname="cs.lab1.MainTest" name="testCamion" time="0.024"/>
  <testcase classname="cs.lab1.MainTest" name="testCamion" time="0.024"/>
  <testcase classname="cs.lab1.MainTest" name="testCamion" time="0.024"/>
  <testcase classname="cs.lab1.MainTest" name="testCamion" time="0.024"/>
  <testcase classname="cs.lab1.MainTest" name="testCamion" time="0.024"/>
  <testcase classname="cs.lab1.MainTest" name="testCamion" time="0.024"/>
  <testcase classname="cs.lab1.MainTest" name="testCamion" time="0.024"/>
  <testcase classname="cs.lab1.MainTest" name="testCamion" time="0.024"/>
  <testcase classname="cs.lab1.MainTest" name="testCamion" time="0.025"/>
  <testcase classname="cs.lab1.MainTest" name="testCamion" time="0.025"/>
  <testcase classname="cs.lab1.MainTest" name="testCamion" time="0.025"/>
  <testcase classname="cs.lab1.MainTest" name="testCamion" time="0.025"/>
  <testcase classname="cs.lab1.MainTest" name="testCamion" time="0.025"/>
  <testcase classname="cs.lab1.MainTest" name="testCamion" time="0.025"/>
  <testcase classname="cs.lab1.MainTest" name="testCamion" time="0.025"/>
  <testcase classname="cs.lab1.MainTest" name="testCamion" time="0.025"/>
  <testcase classname="cs.lab1.MainTest" name="testCamion" time="0.025"/>
  <testcase classname="cs.lab1.MainTest" name="testCamion" time="0.025"/>
  <testcase classname="cs.lab1.MainTest" name="testCamion" time="0.025"/>
  <testcase classname="cs.lab1.MainTest" name="testCamion" time="0.025"/>
  <testcase classname="cs.lab1.MainTest" name="testCamion" time="0.025"/>
  <testcase classname="cs.lab1.MainTest" name="testCamion" time="0.025"/>
  <testcase classname="cs.lab1.MainTest" name="testCamion" time="0.025"/>
  <testcase classname="cs.lab1.MainTest" name="testCamion" time="0.025"/>
  <testcase classname="cs.lab1.MainTest" name="testCamion" time="0.025"/>
  <testcase classname="cs.lab1.MainTest" name="testCamion" time="0.026"/>
  <testcase classname="cs.lab1.MainTest" name="testCamion" time="0.026"/>
  <testcase classname="cs.lab1.MainTest" name="testCamion" time="0.026"/>
  <testcase classname="cs.lab1.MainTest" name="testCamion" time="0.026"/>
  <testcase classname="cs.lab1.MainTest" name="testCamion" time="0.026"/>
  <testcase classname="cs.lab1.MainTest" name="testCamion" time="0.026"/>
  <testcase classname="cs.lab1.MainTest" name="testCamion" time="0.026"/>
  <testcase classname="cs.lab1.MainTest" name="testCamion" time="0.026"/>
  <testcase classname="cs.lab1.MainTest" name="testCamion" time="0.026"/>
  <testcase classname="cs.lab1.MainTest" name="testCamion" time="0.026"/>
  <testcase classname="cs.lab1.MainTest" name="testCamion" time="0.026"/>
  <testcase classname="cs.lab1.MainTest" name="testCamion" time="0.026"/>
  <testcase classname="cs.lab1.MainTest" name="testCamion" time="0.026"/>
  <testcase classname="cs.lab1.MainTest" name="testCamion" time="0.026"/>
  <testcase classname="cs.lab1.MainTest" name="test_A01" time="0.001"/>
  <testcase classname="cs.lab1.MainTest" name="test_A02" time="0"/>
  <testcase classname="cs.lab1.MainTest" name="test_A03" time="0.001"/>
  <testcase classname="cs.lab1.MainTest" name="test_A04" time="0.001"/>
  <testcase classname="cs.lab1.MainTest" name="test_C01" time="0"/>
  <testcase classname="cs.lab1.MainTest" name="test_C02" time="0.001"/>
  <testcase classname="cs.lab1.MainTest" name="test_C03" time="0"/>
  <testcase classname="cs.lab1.MainTest" name="test_C04" time="0"/>
</testsuite>